{"/Users/home/Documents/random-user/src/App.vue": {"path":"/Users/home/Documents/random-user/src/App.vue","statementMap":{"0":{"start":{"line":7,"column":0},"end":{"line":7,"column":null}},"1":{"start":{"line":8,"column":0},"end":{"line":8,"column":null}},"2":{"start":{"line":10,"column":25},"end":{"line":10,"column":7}},"3":{"start":{"line":12,"column":0},"end":{"line":12,"column":null}}},"fnMap":{},"branchMap":{},"s":{"0":0,"1":0,"2":0,"3":0},"f":{},"b":{}}
,"/Users/home/Documents/random-user/src/components/atoms/a-tab-item/a-tab-item.vue": {"path":"/Users/home/Documents/random-user/src/components/atoms/a-tab-item/a-tab-item.vue","statementMap":{"0":{"start":{"line":14,"column":0},"end":{"line":14,"column":null}},"1":{"start":{"line":19,"column":0},"end":{"line":19,"column":15}},"2":{"start":{"line":40,"column":23},"end":{"line":40,"column":25}},"3":{"start":{"line":41,"column":28},"end":{"line":41,"column":37}},"4":{"start":{"line":41,"column":43},"end":{"line":41,"column":48}},"5":{"start":{"line":44,"column":12},"end":{"line":44,"column":16}},"6":{"start":{"line":47,"column":8},"end":{"line":47,"column":15}}},"fnMap":{"0":{"name":"(anonymous_0)","decl":{"start":{"line":40,"column":9},"end":{"line":40,"column":10}},"loc":{"start":{"line":40,"column":25},"end":{"line":51,"column":null}}},"1":{"name":"(anonymous_1)","decl":{"start":{"line":41,"column":37},"end":{"line":41,"column":43}},"loc":{"start":{"line":41,"column":37},"end":{"line":41,"column":null}}},"2":{"name":"onClickHandler","decl":{"start":{"line":43,"column":17},"end":{"line":43,"column":31}},"loc":{"start":{"line":43,"column":31},"end":{"line":45,"column":null}}}},"branchMap":{"0":{"loc":{"start":{"line":41,"column":43},"end":{"line":41,"column":79}},"type":"binary-expr","locations":[{"start":{"line":41,"column":43},"end":{"line":41,"column":79}},{"start":{"line":41,"column":43},"end":{"line":41,"column":48}}]}},"s":{"0":1,"1":1,"2":9,"3":9,"4":10,"5":1,"6":9},"f":{"0":9,"1":10,"2":1},"b":{"0":[10,1]}}
,"/Users/home/Documents/random-user/src/components/atoms/a-tooltip-wrapper/a-tooltip-render.vue": {"path":"/Users/home/Documents/random-user/src/components/atoms/a-tooltip-wrapper/a-tooltip-render.vue","statementMap":{"0":{"start":{"line":2,"column":0},"end":{"line":2,"column":null}},"1":{"start":{"line":11,"column":0},"end":{"line":11,"column":null}},"2":{"start":{"line":13,"column":0},"end":{"line":13,"column":null}},"3":{"start":{"line":15,"column":0},"end":{"line":15,"column":15}},"4":{"start":{"line":26,"column":24},"end":{"line":26,"column":26}},"5":{"start":{"line":27,"column":22},"end":{"line":27,"column":null}},"6":{"start":{"line":28,"column":23},"end":{"line":28,"column":27}},"7":{"start":{"line":29,"column":25},"end":{"line":29,"column":34}},"8":{"start":{"line":34,"column":44},"end":{"line":34,"column":15}},"9":{"start":{"line":37,"column":12},"end":{"line":37,"column":18}},"10":{"start":{"line":41,"column":24},"end":{"line":41,"column":29}},"11":{"start":{"line":42,"column":12},"end":{"line":42,"column":20}},"12":{"start":{"line":43,"column":12},"end":{"line":43,"column":20}},"13":{"start":{"line":45,"column":12},"end":{"line":45,"column":18}},"14":{"start":{"line":46,"column":12},"end":{"line":46,"column":35}},"15":{"start":{"line":50,"column":12},"end":{"line":50,"column":17}},"16":{"start":{"line":52,"column":12},"end":{"line":52,"column":14}},"17":{"start":{"line":56,"column":12},"end":{"line":58,"column":null}},"18":{"start":{"line":57,"column":16},"end":{"line":57,"column":23}},"19":{"start":{"line":60,"column":31},"end":{"line":60,"column":null}},"20":{"start":{"line":65,"column":12},"end":{"line":65,"column":19}},"21":{"start":{"line":69,"column":23},"end":{"line":69,"column":45}},"22":{"start":{"line":71,"column":12},"end":{"line":75,"column":null}},"23":{"start":{"line":72,"column":16},"end":{"line":72,"column":20}},"24":{"start":{"line":77,"column":12},"end":{"line":77,"column":19}},"25":{"start":{"line":80,"column":8},"end":{"line":80,"column":15}},"26":{"start":{"line":80,"column":21},"end":{"line":80,"column":null}}},"fnMap":{"0":{"name":"(anonymous_1)","decl":{"start":{"line":26,"column":4},"end":{"line":26,"column":9}},"loc":{"start":{"line":26,"column":26},"end":{"line":83,"column":null}}},"1":{"name":"hiddenTooltip","decl":{"start":{"line":36,"column":17},"end":{"line":36,"column":30}},"loc":{"start":{"line":36,"column":30},"end":{"line":38,"column":null}}},"2":{"name":"showTooltip","decl":{"start":{"line":40,"column":17},"end":{"line":40,"column":28}},"loc":{"start":{"line":40,"column":28},"end":{"line":47,"column":null}}},"3":{"name":"updateEl","decl":{"start":{"line":49,"column":17},"end":{"line":49,"column":26}},"loc":{"start":{"line":49,"column":34},"end":{"line":53,"column":null}}},"4":{"name":"tooltipRender","decl":{"start":{"line":55,"column":17},"end":{"line":55,"column":30}},"loc":{"start":{"line":55,"column":30},"end":{"line":66,"column":null}}},"5":{"name":"defaultSlotRender","decl":{"start":{"line":68,"column":17},"end":{"line":68,"column":34}},"loc":{"start":{"line":68,"column":34},"end":{"line":78,"column":null}}},"6":{"name":"(anonymous_7)","decl":{"start":{"line":80,"column":15},"end":{"line":80,"column":21}},"loc":{"start":{"line":80,"column":15},"end":{"line":82,"column":null}}}},"branchMap":{"0":{"loc":{"start":{"line":56,"column":12},"end":{"line":58,"column":null}},"type":"if","locations":[{"start":{"line":56,"column":12},"end":{"line":58,"column":null}},{"start":{"line":56,"column":12},"end":{"line":58,"column":null}}]},"1":{"loc":{"start":{"line":69,"column":23},"end":{"line":69,"column":40}},"type":"binary-expr","locations":[{"start":{"line":69,"column":23},"end":{"line":69,"column":40}},{"start":{"line":69,"column":40},"end":{"line":69,"column":45}}]},"2":{"loc":{"start":{"line":71,"column":12},"end":{"line":75,"column":null}},"type":"if","locations":[{"start":{"line":71,"column":12},"end":{"line":75,"column":null}},{"start":{"line":71,"column":12},"end":{"line":75,"column":null}}]}},"s":{"0":0,"1":0,"2":0,"3":0,"4":0,"5":0,"6":0,"7":0,"8":0,"9":0,"10":0,"11":0,"12":0,"13":0,"14":0,"15":0,"16":0,"17":0,"18":0,"19":0,"20":0,"21":0,"22":0,"23":0,"24":0,"25":0,"26":0},"f":{"0":0,"1":0,"2":0,"3":0,"4":0,"5":0,"6":0},"b":{"0":[0,0],"1":[0,0],"2":[0,0]}}
,"/Users/home/Documents/random-user/src/components/atoms/a-tooltip-wrapper/a-tooltip-wrapper.vue": {"path":"/Users/home/Documents/random-user/src/components/atoms/a-tooltip-wrapper/a-tooltip-wrapper.vue","statementMap":{"0":{"start":{"line":8,"column":0},"end":{"line":8,"column":null}},"1":{"start":{"line":12,"column":0},"end":{"line":12,"column":15}}},"fnMap":{},"branchMap":{},"s":{"0":0,"1":0},"f":{},"b":{}}
,"/Users/home/Documents/random-user/src/components/atoms/a-user-row/a-user-row.vue": {"path":"/Users/home/Documents/random-user/src/components/atoms/a-user-row/a-user-row.vue","statementMap":{"0":{"start":{"line":16,"column":0},"end":{"line":16,"column":null}},"1":{"start":{"line":18,"column":0},"end":{"line":18,"column":15}}},"fnMap":{"0":{"name":"(anonymous_0)","decl":{"start":{"line":49,"column":9},"end":{"line":49,"column":null}},"loc":{"start":{"line":49,"column":9},"end":{"line":51,"column":null}}}},"branchMap":{},"s":{"0":0,"1":0},"f":{"0":0},"b":{}}
,"/Users/home/Documents/random-user/src/components/molecules/m-tab-list/m-tab-list.vue": {"path":"/Users/home/Documents/random-user/src/components/molecules/m-tab-list/m-tab-list.vue","statementMap":{"0":{"start":{"line":23,"column":0},"end":{"line":23,"column":null}},"1":{"start":{"line":25,"column":0},"end":{"line":25,"column":null}},"2":{"start":{"line":27,"column":0},"end":{"line":27,"column":15}},"3":{"start":{"line":45,"column":27},"end":{"line":45,"column":29}},"4":{"start":{"line":58,"column":23},"end":{"line":58,"column":25}},"5":{"start":{"line":60,"column":12},"end":{"line":60,"column":19}},"6":{"start":{"line":64,"column":12},"end":{"line":64,"column":16}},"7":{"start":{"line":67,"column":8},"end":{"line":67,"column":15}}},"fnMap":{"0":{"name":"(anonymous_1)","decl":{"start":{"line":45,"column":21},"end":{"line":45,"column":27}},"loc":{"start":{"line":45,"column":21},"end":{"line":45,"column":null}}},"1":{"name":"(anonymous_2)","decl":{"start":{"line":58,"column":4},"end":{"line":58,"column":9}},"loc":{"start":{"line":58,"column":25},"end":{"line":71,"column":null}}},"2":{"name":"activeTab","decl":{"start":{"line":59,"column":17},"end":{"line":59,"column":27}},"loc":{"start":{"line":59,"column":41},"end":{"line":61,"column":null}}},"3":{"name":"letterChange","decl":{"start":{"line":63,"column":17},"end":{"line":63,"column":30}},"loc":{"start":{"line":63,"column":44},"end":{"line":65,"column":null}}}},"branchMap":{},"s":{"0":0,"1":0,"2":0,"3":0,"4":0,"5":0,"6":0,"7":0},"f":{"0":0,"1":0,"2":0,"3":0},"b":{}}
,"/Users/home/Documents/random-user/src/components/molecules/m-user-list/m-user-list.vue": {"path":"/Users/home/Documents/random-user/src/components/molecules/m-user-list/m-user-list.vue","statementMap":{"0":{"start":{"line":20,"column":0},"end":{"line":20,"column":null}},"1":{"start":{"line":22,"column":0},"end":{"line":22,"column":null}},"2":{"start":{"line":23,"column":0},"end":{"line":23,"column":null}},"3":{"start":{"line":27,"column":0},"end":{"line":27,"column":15}},"4":{"start":{"line":39,"column":27},"end":{"line":39,"column":29}}},"fnMap":{"0":{"name":"(anonymous_1)","decl":{"start":{"line":39,"column":21},"end":{"line":39,"column":27}},"loc":{"start":{"line":39,"column":21},"end":{"line":39,"column":null}}}},"branchMap":{},"s":{"0":0,"1":0,"2":0,"3":0,"4":0},"f":{"0":0},"b":{}}
,"/Users/home/Documents/random-user/src/components/unique-organisms/o-user-list/o-user-list.vue": {"path":"/Users/home/Documents/random-user/src/components/unique-organisms/o-user-list/o-user-list.vue","statementMap":{"0":{"start":{"line":21,"column":0},"end":{"line":21,"column":null}},"1":{"start":{"line":27,"column":0},"end":{"line":27,"column":null}},"2":{"start":{"line":28,"column":0},"end":{"line":28,"column":null}},"3":{"start":{"line":30,"column":0},"end":{"line":30,"column":null}},"4":{"start":{"line":31,"column":0},"end":{"line":31,"column":null}},"5":{"start":{"line":33,"column":0},"end":{"line":33,"column":15}},"6":{"start":{"line":40,"column":29},"end":{"line":40,"column":15}},"7":{"start":{"line":41,"column":27},"end":{"line":41,"column":31}},"8":{"start":{"line":43,"column":30},"end":{"line":43,"column":39}},"9":{"start":{"line":44,"column":32},"end":{"line":44,"column":42}},"10":{"start":{"line":45,"column":12},"end":{"line":45,"column":19}},"11":{"start":{"line":46,"column":16},"end":{"line":46,"column":23}},"12":{"start":{"line":47,"column":30},"end":{"line":47,"column":31}},"13":{"start":{"line":50,"column":29},"end":{"line":50,"column":38}},"14":{"start":{"line":50,"column":44},"end":{"line":50,"column":51}},"15":{"start":{"line":52,"column":8},"end":{"line":52,"column":15}}},"fnMap":{"0":{"name":"(anonymous_1)","decl":{"start":{"line":39,"column":9},"end":{"line":39,"column":null}},"loc":{"start":{"line":39,"column":9},"end":{"line":58,"column":null}}},"1":{"name":"(anonymous_2)","decl":{"start":{"line":43,"column":39},"end":{"line":43,"column":null}},"loc":{"start":{"line":43,"column":39},"end":{"line":48,"column":null}}},"2":{"name":"(anonymous_3)","decl":{"start":{"line":45,"column":41},"end":{"line":45,"column":45}},"loc":{"start":{"line":45,"column":45},"end":{"line":47,"column":15}}},"3":{"name":"(anonymous_4)","decl":{"start":{"line":47,"column":20},"end":{"line":47,"column":21}},"loc":{"start":{"line":47,"column":25},"end":{"line":47,"column":null}}},"4":{"name":"(anonymous_5)","decl":{"start":{"line":50,"column":38},"end":{"line":50,"column":44}},"loc":{"start":{"line":50,"column":38},"end":{"line":50,"column":null}}}},"branchMap":{"0":{"loc":{"start":{"line":47,"column":56},"end":{"line":47,"column":60}},"type":"cond-expr","locations":[{"start":{"line":47,"column":56},"end":{"line":47,"column":60}},{"start":{"line":47,"column":60},"end":{"line":47,"column":31}}]}},"s":{"0":0,"1":0,"2":0,"3":0,"4":0,"5":0,"6":0,"7":0,"8":0,"9":0,"10":0,"11":0,"12":0,"13":0,"14":0,"15":0},"f":{"0":0,"1":0,"2":0,"3":0,"4":0},"b":{"0":[0,0]}}
}
