TN:
SF:src/App.vue
FNF:0
FNH:0
DA:7,0
DA:8,0
DA:10,0
DA:12,0
LF:4
LH:0
BRF:0
BRH:0
end_of_record
TN:
SF:src/components/atoms/a-tab-item/a-tab-item.vue
FN:40,(anonymous_0)
FN:41,(anonymous_1)
FN:43,onClickHandler
FNF:3
FNH:3
FNDA:9,(anonymous_0)
FNDA:10,(anonymous_1)
FNDA:1,onClickHandler
DA:14,1
DA:19,1
DA:40,9
DA:41,10
DA:44,1
DA:47,9
LF:6
LH:6
BRDA:41,0,0,10
BRDA:41,0,1,1
BRF:2
BRH:2
end_of_record
TN:
SF:src/components/atoms/a-tooltip-wrapper/a-tooltip-render.vue
FN:26,(anonymous_1)
FN:36,hiddenTooltip
FN:40,showTooltip
FN:49,updateEl
FN:55,tooltipRender
FN:68,defaultSlotRender
FN:80,(anonymous_7)
FNF:7
FNH:0
FNDA:0,(anonymous_1)
FNDA:0,hiddenTooltip
FNDA:0,showTooltip
FNDA:0,updateEl
FNDA:0,tooltipRender
FNDA:0,defaultSlotRender
FNDA:0,(anonymous_7)
DA:2,0
DA:11,0
DA:13,0
DA:15,0
DA:26,0
DA:27,0
DA:28,0
DA:29,0
DA:34,0
DA:37,0
DA:41,0
DA:42,0
DA:43,0
DA:45,0
DA:46,0
DA:50,0
DA:52,0
DA:56,0
DA:57,0
DA:60,0
DA:65,0
DA:69,0
DA:71,0
DA:72,0
DA:77,0
DA:80,0
LF:26
LH:0
BRDA:56,0,0,0
BRDA:56,0,1,0
BRDA:69,1,0,0
BRDA:69,1,1,0
BRDA:71,2,0,0
BRDA:71,2,1,0
BRF:6
BRH:0
end_of_record
TN:
SF:src/components/atoms/a-tooltip-wrapper/a-tooltip-wrapper.vue
FNF:0
FNH:0
DA:8,0
DA:12,0
LF:2
LH:0
BRF:0
BRH:0
end_of_record
TN:
SF:src/components/atoms/a-user-row/a-user-row.vue
FN:49,(anonymous_0)
FNF:1
FNH:0
FNDA:0,(anonymous_0)
DA:16,0
DA:18,0
LF:2
LH:0
BRF:0
BRH:0
end_of_record
TN:
SF:src/components/molecules/m-tab-list/m-tab-list.vue
FN:45,(anonymous_1)
FN:58,(anonymous_2)
FN:59,activeTab
FN:63,letterChange
FNF:4
FNH:0
FNDA:0,(anonymous_1)
FNDA:0,(anonymous_2)
FNDA:0,activeTab
FNDA:0,letterChange
DA:23,0
DA:25,0
DA:27,0
DA:45,0
DA:58,0
DA:60,0
DA:64,0
DA:67,0
LF:8
LH:0
BRF:0
BRH:0
end_of_record
TN:
SF:src/components/molecules/m-user-list/m-user-list.vue
FN:39,(anonymous_1)
FNF:1
FNH:0
FNDA:0,(anonymous_1)
DA:20,0
DA:22,0
DA:23,0
DA:27,0
DA:39,0
LF:5
LH:0
BRF:0
BRH:0
end_of_record
TN:
SF:src/components/unique-organisms/o-user-list/o-user-list.vue
FN:39,(anonymous_1)
FN:43,(anonymous_2)
FN:45,(anonymous_3)
FN:47,(anonymous_4)
FN:50,(anonymous_5)
FNF:5
FNH:0
FNDA:0,(anonymous_1)
FNDA:0,(anonymous_2)
FNDA:0,(anonymous_3)
FNDA:0,(anonymous_4)
FNDA:0,(anonymous_5)
DA:21,0
DA:27,0
DA:28,0
DA:30,0
DA:31,0
DA:33,0
DA:40,0
DA:41,0
DA:43,0
DA:44,0
DA:45,0
DA:46,0
DA:47,0
DA:50,0
DA:52,0
LF:15
LH:0
BRDA:47,0,0,0
BRDA:47,0,1,0
BRF:2
BRH:0
end_of_record
